[0m[[0m[0mdebug[0m] [0m[0m> Exec(reStart, Some(c1942ab6-cca5-4883-90fe-3d7c61c594fc), Some(CommandSource(console0)))[0m
[0m[[0m[0mdebug[0m] [0m[0mEvaluating tasks: reStart[0m
[0m[[0m[0mdebug[0m] [0m[0mRunning task... Cancel: Signal, check cycles: false, forcegc: true[0m
[0m[[0m[0minfo[0m] [0m[0mcompiling 1 Scala source to C:\Users\weron\OneDrive\Pulpit\scala-repo\niezorawska-weronika\Akka\lab.11\hello-akka\target\scala-3.3.0\classes ...[0m
[0m[[0m[31merror[0m] [0m[0m[31m[31m-- [E006] Not Found Error: C:\Users\weron\OneDrive\Pulpit\scala-repo\niezorawska-weronika\Akka\lab.11\hello-akka\src\main\scala\zad_04.scala:33:2 [0m[0m[0m
[0m[[0m[31merror[0m] [0m[0m[31m33 |[0m  log.info([31ms"[0m${zawodnicy}[31m"[0m)[0m
[0m[[0m[31merror[0m] [0m[0m[31m[31m   |[0m  ^^^[0m[0m
[0m[[0m[31merror[0m] [0m[0m[31m   |[0m  Not found: log[0m
[0m[[0m[31merror[0m] [0m[0m[31m   |----------------------------------------------------------------------------[0m[0m
[0m[[0m[31merror[0m] [0m[0m[31m   |[0m Explanation (enabled by `-explain`)[0m
[0m[[0m[31merror[0m] [0m[0m[31m   |- - - - - - - - - - - - - - - - - - - - - - - - - - - - - - - - - - - - - -[0m[0m
[0m[[0m[31merror[0m] [0m[0m[31m   |[0m The identifier for `log` is not bound, that is,[0m
[0m[[0m[31merror[0m] [0m[0m[31m   |[0m no declaration for this identifier can be found.[0m
[0m[[0m[31merror[0m] [0m[0m[31m   |[0m That can happen, for example, if `log` or its declaration has either been[0m
[0m[[0m[31merror[0m] [0m[0m[31m   |[0m misspelt or if an import is missing.[0m
[0m[[0m[31merror[0m] [0m[0m[31m    ----------------------------------------------------------------------------[0m[0m
[0m[[0m[31merror[0m] [0m[0m[34mExplanation[0m[0m
[0m[[0m[31merror[0m] [0m[0m[34m===========[0m[0m
[0m[[0m[31merror[0m] [0m[0mThe identifier for `log` is not bound, that is,[0m
[0m[[0m[31merror[0m] [0m[0mno declaration for this identifier can be found.[0m
[0m[[0m[31merror[0m] [0m[0mThat can happen, for example, if `log` or its declaration has either been[0m
[0m[[0m[31merror[0m] [0m[0mmisspelt or if an import is missing.[0m
[0m[[0m[31merror[0m] [0m[0mone error found[0m
[0m[[0m[31merror[0m] [0m[0m(Compile / [31mcompileIncremental[0m) Compilation failed[0m
[0m[[0m[31merror[0m] [0m[0mTotal time: 0 s, completed 15 cze 2023, 23:36:47[0m
[0m[[0m[0mdebug[0m] [0m[0m> Exec(shell, None, None)[0m
